<?xml version="1.0" encoding="UTF-8"?>
<!-- Generated by org.testng.reporters.JUnitReportReporter -->
<testsuite ignored="0" hostname="DESKTOP-JA9952J" failures="0" tests="1" name="placelab.tests.LoginTestEmptyUsername" time="3.089" errors="0" timestamp="26 Mar 2022 16:08:35 GMT" skipped="0">
  <testcase classname="placelab.tests.LoginTestEmptyUsername" name="testLoginWithoutUsername" time="3.089"/>
</testsuite> <!-- placelab.tests.LoginTestEmptyUsername -->
