<?xml version="1.0" encoding="UTF-8"?>
<!-- Generated by org.testng.reporters.JUnitReportReporter -->
<testsuite ignored="0" hostname="DESKTOP-JA9952J" failures="0" tests="1" name="placelab.tests.LoginTestNoPassword" time="3.217" errors="0" timestamp="26 Mar 2022 13:51:06 GMT" skipped="0">
  <testcase classname="placelab.tests.LoginTestNoPassword" name="testLoginPage" time="3.217"/>
</testsuite> <!-- placelab.tests.LoginTestNoPassword -->
