<?xml version="1.0" encoding="UTF-8"?>
<!-- Generated by org.testng.reporters.JUnitReportReporter -->
<testsuite ignored="0" hostname="DESKTOP-JA9952J" failures="0" tests="1" name="placelab.tests.LoginTestNoUsername" time="2.978" errors="0" timestamp="26 Mar 2022 14:46:04 GMT" skipped="0">
  <testcase classname="placelab.tests.LoginTestNoUsername" name="testLoginWithoutUsername" time="2.978"/>
</testsuite> <!-- placelab.tests.LoginTestNoUsername -->
