<?xml version="1.0" encoding="UTF-8"?>
<!-- Generated by org.testng.reporters.JUnitReportReporter -->
<testsuite ignored="0" hostname="DESKTOP-JA9952J" failures="0" tests="1" name="placelab.tests.LoginTestInvalidPassword" time="5.609" errors="0" timestamp="26 Mar 2022 16:08:35 GMT" skipped="0">
  <testcase classname="placelab.tests.LoginTestInvalidPassword" name="testLoginWithInvalidPassword" time="5.609"/>
</testsuite> <!-- placelab.tests.LoginTestInvalidPassword -->
