<?xml version="1.0" encoding="UTF-8"?>
<!-- Generated by org.testng.reporters.JUnitReportReporter -->
<testsuite ignored="0" hostname="DESKTOP-JA9952J" failures="0" tests="1" name="placelab.tests.LoginTestTermsOfUse" time="4.210" errors="0" timestamp="26 Mar 2022 16:08:35 GMT" skipped="0">
  <testcase classname="placelab.tests.LoginTestTermsOfUse" name="testTermsOfUsePage" time="4.210"/>
</testsuite> <!-- placelab.tests.LoginTestTermsOfUse -->
