<?xml version="1.0" encoding="UTF-8"?>
<!-- Generated by org.testng.reporters.JUnitReportReporter -->
<testsuite ignored="0" hostname="DESKTOP-JA9952J" failures="0" tests="1" name="placelab.tests.LoginTestInvalidUsername" time="3.033" errors="0" timestamp="26 Mar 2022 16:08:35 GMT" skipped="0">
  <testcase classname="placelab.tests.LoginTestInvalidUsername" name="testLoginWithInvalidUsername" time="3.033"/>
</testsuite> <!-- placelab.tests.LoginTestInvalidUsername -->
