<?xml version="1.0" encoding="UTF-8"?>
<!-- Generated by org.testng.reporters.JUnitReportReporter -->
<testsuite ignored="0" hostname="DESKTOP-JA9952J" failures="0" tests="1" name="placelab.tests.LoginTest2" time="2.448" errors="0" timestamp="25 Mar 2022 23:29:34 GMT" skipped="0">
  <testcase classname="placelab.tests.LoginTest2" name="testLoginPage" time="2.448"/>
</testsuite> <!-- placelab.tests.LoginTest2 -->
